{"/Users/shivamgupta/workspace/frontend-take-home-master/src/App.jsx": {"path":"/Users/shivamgupta/workspace/frontend-take-home-master/src/App.jsx","statementMap":{"0":{"start":{"line":12,"column":2},"end":{"line":21,"column":4}}},"fnMap":{"0":{"name":"App","decl":{"start":{"line":11,"column":24},"end":{"line":11,"column":27}},"loc":{"start":{"line":11,"column":30},"end":{"line":22,"column":1}},"line":11}},"branchMap":{},"s":{"0":1},"f":{"0":1},"b":{},"_coverageSchema":"1a1c01bbd47fc00a2c39e90264f33305004495a9","hash":"5f8d07e1d4f12a8c0514f8aa3cd4557bf00f290f"}
,"/Users/shivamgupta/workspace/frontend-take-home-master/src/service.js": {"path":"/Users/shivamgupta/workspace/frontend-take-home-master/src/service.js","statementMap":{"0":{"start":{"line":4,"column":22},"end":{"line":4,"column":62}},"1":{"start":{"line":5,"column":12},"end":{"line":5,"column":14}},"2":{"start":{"line":6,"column":2},"end":{"line":23,"column":3}},"3":{"start":{"line":7,"column":4},"end":{"line":7,"column":86}},"4":{"start":{"line":8,"column":4},"end":{"line":14,"column":6}},"5":{"start":{"line":16,"column":4},"end":{"line":22,"column":6}},"6":{"start":{"line":27,"column":12},"end":{"line":27,"column":16}},"7":{"start":{"line":28,"column":2},"end":{"line":39,"column":3}},"8":{"start":{"line":29,"column":4},"end":{"line":29,"column":92}},"9":{"start":{"line":30,"column":4},"end":{"line":33,"column":6}},"10":{"start":{"line":35,"column":4},"end":{"line":38,"column":6}}},"fnMap":{"0":{"name":"getMovieList","decl":{"start":{"line":3,"column":22},"end":{"line":3,"column":34}},"loc":{"start":{"line":3,"column":47},"end":{"line":24,"column":1}},"line":3},"1":{"name":"getMovieDetails","decl":{"start":{"line":26,"column":22},"end":{"line":26,"column":37}},"loc":{"start":{"line":26,"column":47},"end":{"line":40,"column":1}},"line":26}},"branchMap":{"0":{"loc":{"start":{"line":4,"column":22},"end":{"line":4,"column":62}},"type":"cond-expr","locations":[{"start":{"line":4,"column":35},"end":{"line":4,"column":52}},{"start":{"line":4,"column":55},"end":{"line":4,"column":62}}],"line":4},"1":{"loc":{"start":{"line":9,"column":16},"end":{"line":9,"column":54}},"type":"cond-expr","locations":[{"start":{"line":9,"column":34},"end":{"line":9,"column":49}},{"start":{"line":9,"column":52},"end":{"line":9,"column":54}}],"line":9}},"s":{"0":6,"1":6,"2":6,"3":6,"4":3,"5":2,"6":4,"7":4,"8":4,"9":2,"10":2},"f":{"0":6,"1":4},"b":{"0":[4,2],"1":[2,1]},"_coverageSchema":"1a1c01bbd47fc00a2c39e90264f33305004495a9","hash":"c82b3dc16f89487a48f6f4c01f18acf83a91db2b"}
,"/Users/shivamgupta/workspace/frontend-take-home-master/src/styles.js": {"path":"/Users/shivamgupta/workspace/frontend-take-home-master/src/styles.js","statementMap":{"0":{"start":{"line":3,"column":27},"end":{"line":15,"column":3}},"1":{"start":{"line":3,"column":45},"end":{"line":15,"column":1}}},"fnMap":{"0":{"name":"(anonymous_0)","decl":{"start":{"line":3,"column":38},"end":{"line":3,"column":39}},"loc":{"start":{"line":3,"column":45},"end":{"line":15,"column":1}},"line":3}},"branchMap":{},"s":{"0":3,"1":2},"f":{"0":2},"b":{},"_coverageSchema":"1a1c01bbd47fc00a2c39e90264f33305004495a9","hash":"34abb24424c0278dbf7ed9c49ade960ea4e4b586"}
,"/Users/shivamgupta/workspace/frontend-take-home-master/src/Components/MovieDetails.jsx": {"path":"/Users/shivamgupta/workspace/frontend-take-home-master/src/Components/MovieDetails.jsx","statementMap":{"0":{"start":{"line":16,"column":21},"end":{"line":81,"column":1}},"1":{"start":{"line":17,"column":42},"end":{"line":17,"column":52}},"2":{"start":{"line":18,"column":32},"end":{"line":18,"column":47}},"3":{"start":{"line":19,"column":18},"end":{"line":19,"column":38}},"4":{"start":{"line":20,"column":2},"end":{"line":27,"column":16}},"5":{"start":{"line":21,"column":20},"end":{"line":25,"column":5}},"6":{"start":{"line":22,"column":34},"end":{"line":22,"column":64}},"7":{"start":{"line":23,"column":6},"end":{"line":23,"column":38}},"8":{"start":{"line":24,"column":6},"end":{"line":24,"column":24}},"9":{"start":{"line":26,"column":4},"end":{"line":26,"column":14}},"10":{"start":{"line":29,"column":2},"end":{"line":80,"column":4}},"11":{"start":{"line":77,"column":31},"end":{"line":77,"column":50}},"12":{"start":{"line":83,"column":0},"end":{"line":86,"column":2}}},"fnMap":{"0":{"name":"(anonymous_0)","decl":{"start":{"line":16,"column":21},"end":{"line":16,"column":22}},"loc":{"start":{"line":16,"column":52},"end":{"line":81,"column":1}},"line":16},"1":{"name":"(anonymous_1)","decl":{"start":{"line":20,"column":12},"end":{"line":20,"column":13}},"loc":{"start":{"line":20,"column":18},"end":{"line":27,"column":3}},"line":20},"2":{"name":"(anonymous_2)","decl":{"start":{"line":21,"column":20},"end":{"line":21,"column":21}},"loc":{"start":{"line":21,"column":32},"end":{"line":25,"column":5}},"line":21},"3":{"name":"(anonymous_3)","decl":{"start":{"line":77,"column":25},"end":{"line":77,"column":26}},"loc":{"start":{"line":77,"column":31},"end":{"line":77,"column":50}},"line":77}},"branchMap":{"0":{"loc":{"start":{"line":23,"column":22},"end":{"line":23,"column":36}},"type":"binary-expr","locations":[{"start":{"line":23,"column":22},"end":{"line":23,"column":30}},{"start":{"line":23,"column":34},"end":{"line":23,"column":36}}],"line":23},"1":{"loc":{"start":{"line":34,"column":11},"end":{"line":65,"column":11}},"type":"binary-expr","locations":[{"start":{"line":34,"column":11},"end":{"line":34,"column":23}},{"start":{"line":35,"column":10},"end":{"line":64,"column":13}}],"line":34},"2":{"loc":{"start":{"line":66,"column":11},"end":{"line":70,"column":11}},"type":"binary-expr","locations":[{"start":{"line":66,"column":11},"end":{"line":66,"column":18}},{"start":{"line":67,"column":10},"end":{"line":69,"column":23}}],"line":66}},"s":{"0":3,"1":6,"2":6,"3":6,"4":6,"5":2,"6":2,"7":2,"8":2,"9":2,"10":6,"11":2,"12":3},"f":{"0":6,"1":2,"2":2,"3":2},"b":{"0":[2,1],"1":[6,4],"2":[6,1]},"_coverageSchema":"1a1c01bbd47fc00a2c39e90264f33305004495a9","hash":"fee5a855b712da7af01079e0788313a8ec94753e"}
,"/Users/shivamgupta/workspace/frontend-take-home-master/src/Components/MovieSearch.jsx": {"path":"/Users/shivamgupta/workspace/frontend-take-home-master/src/Components/MovieSearch.jsx","statementMap":{"0":{"start":{"line":21,"column":20},"end":{"line":116,"column":1}},"1":{"start":{"line":22,"column":36},"end":{"line":22,"column":48}},"2":{"start":{"line":23,"column":36},"end":{"line":23,"column":51}},"3":{"start":{"line":24,"column":44},"end":{"line":24,"column":56}},"4":{"start":{"line":25,"column":32},"end":{"line":25,"column":47}},"5":{"start":{"line":27,"column":18},"end":{"line":31,"column":3}},"6":{"start":{"line":28,"column":39},"end":{"line":28,"column":69}},"7":{"start":{"line":29,"column":4},"end":{"line":29,"column":27}},"8":{"start":{"line":30,"column":4},"end":{"line":30,"column":29}},"9":{"start":{"line":33,"column":31},"end":{"line":33,"column":98}},"10":{"start":{"line":33,"column":68},"end":{"line":33,"column":87}},"11":{"start":{"line":35,"column":2},"end":{"line":37,"column":9}},"12":{"start":{"line":36,"column":4},"end":{"line":36,"column":21}},"13":{"start":{"line":39,"column":16},"end":{"line":39,"column":26}},"14":{"start":{"line":40,"column":21},"end":{"line":40,"column":64}},"15":{"start":{"line":42,"column":2},"end":{"line":115,"column":4}},"16":{"start":{"line":56,"column":27},"end":{"line":56,"column":63}},"17":{"start":{"line":63,"column":14},"end":{"line":87,"column":21}},"18":{"start":{"line":70,"column":51},"end":{"line":70,"column":70}},"19":{"start":{"line":70,"column":71},"end":{"line":70,"column":102}},"20":{"start":{"line":105,"column":23},"end":{"line":105,"column":42}}},"fnMap":{"0":{"name":"(anonymous_0)","decl":{"start":{"line":21,"column":20},"end":{"line":21,"column":21}},"loc":{"start":{"line":21,"column":26},"end":{"line":116,"column":1}},"line":21},"1":{"name":"(anonymous_1)","decl":{"start":{"line":27,"column":18},"end":{"line":27,"column":19}},"loc":{"start":{"line":27,"column":40},"end":{"line":31,"column":3}},"line":27},"2":{"name":"(anonymous_2)","decl":{"start":{"line":33,"column":52},"end":{"line":33,"column":53}},"loc":{"start":{"line":33,"column":68},"end":{"line":33,"column":87}},"line":33},"3":{"name":"(anonymous_3)","decl":{"start":{"line":35,"column":12},"end":{"line":35,"column":13}},"loc":{"start":{"line":35,"column":18},"end":{"line":37,"column":3}},"line":35},"4":{"name":"(anonymous_4)","decl":{"start":{"line":56,"column":20},"end":{"line":56,"column":21}},"loc":{"start":{"line":56,"column":27},"end":{"line":56,"column":63}},"line":56},"5":{"name":"(anonymous_5)","decl":{"start":{"line":62,"column":26},"end":{"line":62,"column":27}},"loc":{"start":{"line":63,"column":14},"end":{"line":87,"column":21}},"line":63},"6":{"name":"(anonymous_6)","decl":{"start":{"line":70,"column":43},"end":{"line":70,"column":44}},"loc":{"start":{"line":70,"column":49},"end":{"line":70,"column":104}},"line":70},"7":{"name":"(anonymous_7)","decl":{"start":{"line":105,"column":17},"end":{"line":105,"column":18}},"loc":{"start":{"line":105,"column":23},"end":{"line":105,"column":42}},"line":105}},"branchMap":{"0":{"loc":{"start":{"line":61,"column":11},"end":{"line":89,"column":11}},"type":"binary-expr","locations":[{"start":{"line":61,"column":11},"end":{"line":61,"column":31}},{"start":{"line":62,"column":12},"end":{"line":88,"column":14}}],"line":61},"1":{"loc":{"start":{"line":91,"column":9},"end":{"line":101,"column":9}},"type":"binary-expr","locations":[{"start":{"line":91,"column":9},"end":{"line":91,"column":22}},{"start":{"line":92,"column":8},"end":{"line":99,"column":14}}],"line":91}},"s":{"0":2,"1":7,"2":7,"3":7,"4":7,"5":7,"6":3,"7":2,"8":2,"9":7,"10":0,"11":7,"12":3,"13":7,"14":7,"15":7,"16":0,"17":2,"18":0,"19":0,"20":0},"f":{"0":7,"1":3,"2":0,"3":3,"4":0,"5":2,"6":0,"7":0},"b":{"0":[7,2],"1":[7,1]},"_coverageSchema":"1a1c01bbd47fc00a2c39e90264f33305004495a9","hash":"5214bdb4dc9e72cb2a2dae0b2be7c4274207c9c6"}
}
