TN:
SF:src/App.jsx
FN:11,App
FNF:1
FNH:1
FNDA:1,App
DA:12,1
LF:1
LH:1
BRF:0
BRH:0
end_of_record
TN:
SF:src/service.js
FN:3,getMovieList
FN:26,getMovieDetails
FNF:2
FNH:2
FNDA:6,getMovieList
FNDA:4,getMovieDetails
DA:4,6
DA:5,6
DA:6,6
DA:7,6
DA:8,3
DA:16,2
DA:27,4
DA:28,4
DA:29,4
DA:30,2
DA:35,2
LF:11
LH:11
BRDA:4,0,0,4
BRDA:4,0,1,2
BRDA:9,1,0,2
BRDA:9,1,1,1
BRF:4
BRH:4
end_of_record
TN:
SF:src/styles.js
FN:3,(anonymous_0)
FNF:1
FNH:1
FNDA:2,(anonymous_0)
DA:3,3
LF:1
LH:1
BRF:0
BRH:0
end_of_record
TN:
SF:src/Components/MovieDetails.jsx
FN:16,(anonymous_0)
FN:20,(anonymous_1)
FN:21,(anonymous_2)
FN:77,(anonymous_3)
FNF:4
FNH:4
FNDA:6,(anonymous_0)
FNDA:2,(anonymous_1)
FNDA:2,(anonymous_2)
FNDA:2,(anonymous_3)
DA:16,3
DA:17,6
DA:18,6
DA:19,6
DA:20,6
DA:21,2
DA:22,2
DA:23,2
DA:24,2
DA:26,2
DA:29,6
DA:77,2
DA:83,3
LF:13
LH:13
BRDA:23,0,0,2
BRDA:23,0,1,1
BRDA:34,1,0,6
BRDA:34,1,1,4
BRDA:66,2,0,6
BRDA:66,2,1,1
BRF:6
BRH:6
end_of_record
TN:
SF:src/Components/MovieSearch.jsx
FN:21,(anonymous_0)
FN:27,(anonymous_1)
FN:33,(anonymous_2)
FN:35,(anonymous_3)
FN:56,(anonymous_4)
FN:62,(anonymous_5)
FN:70,(anonymous_6)
FN:105,(anonymous_7)
FNF:8
FNH:4
FNDA:7,(anonymous_0)
FNDA:3,(anonymous_1)
FNDA:0,(anonymous_2)
FNDA:3,(anonymous_3)
FNDA:0,(anonymous_4)
FNDA:2,(anonymous_5)
FNDA:0,(anonymous_6)
FNDA:0,(anonymous_7)
DA:21,2
DA:22,7
DA:23,7
DA:24,7
DA:25,7
DA:27,7
DA:28,3
DA:29,2
DA:30,2
DA:33,7
DA:35,7
DA:36,3
DA:39,7
DA:40,7
DA:42,7
DA:56,0
DA:63,2
DA:70,0
DA:105,0
LF:19
LH:16
BRDA:61,0,0,7
BRDA:61,0,1,2
BRDA:91,1,0,7
BRDA:91,1,1,1
BRF:4
BRH:4
end_of_record
